Successfully imported bookmarks into the mem-store.

Full Bookmarks:
- "Gremlin's Graph Traversal Machinery"
  https://www.slideshare.net/slidarko/gremlins-graph-traversal-machinery

- "Ontotext GraphDB"
  https://ontotext.com/products/graphdb/

- "Graphs and neural networks: Reading node properties" by David Mack

  https://medium.com/octavian-ai/graphs-and-neural-networks-reading-node-properties-2c91625980eb

- "Towards building the next generation database query engine" by David Mack

  https://medium.com/octavian-ai/towards-building-the-next-generation-database-query-engine-a1beca1e07a3

- "extracting-knowledge-from-knowledge-graphs"
  https://towardsdatascience.com/extracting-knowledge-from-knowledge-graphs-e5521e4861a0

- "Platypus"
  https://www.wikidata.org/wiki/Wikidata:SPARQL_query_service/A_gentle_introduction_to_the_Wikidata_Query_Service

- "Grakn.AI - learn"
  https://blog.grakn.ai/learn/home

- "KagNet: Knowledge-Aware Graph Networks for Commonsense Reasoning"
  https://github.com/INK-USC/KagNet

- "Knowledge extraction from unstructured texts" by Heuritech

  https://medium.com/heuritech/knowledge-extraction-from-unstructured-texts-c279e3b8f92f

- "Deep Learning with Knowledge Graphs" by Andrew Jefferson

  https://medium.com/octavian-ai/deep-learning-with-knowledge-graphs-3df0b469a61a

- "MacGraph"
  https://github.com/Octavian-ai/mac-graph

- "octavian.ai"
  https://www.octavian.ai/

- "Build your own Knowledge Graph From unstructured dark data to valuable business insights" by Ignaz Wanders

  https://medium.com/vectrconsulting/build-your-own-knowledge-graph-975cf6dde67f

- "Extracting knowledge from knowledge graphs using Facebook Pytorch BigGraph."
  https://towardsdatascience.com/extracting-knowledge-from-knowledge-graphs-e5521e4861a0

- "Deep Learning with Knowledge Graphs"
  https://medium.com/octavian-ai/deep-learning-with-knowledge-graphs-3df0b469a61a

- "Knowledge Graphs in Natural Language Processing @ ACL 2020" by Michael Galkin

  https://towardsdatascience.com/knowledge-graphs-in-natural-language-processing-acl-2020-ebb1f0a6e0b1

- "Blog-Rolling-with-BrightstarDB-Express-and-Node-js"
  https://www.codeproject.com/Articles/419181/Blog-Rolling-with-BrightstarDB-Express-and-Node-js

- "FOAF Vocabulary Specification 0.99"
  http://xmlns.com/foaf/spec/

- "SuperMemo Website"
  https://www.supermemo.com/en/archives1990-2015/articles/devour

- "Gellish.net"
  https://www.gellish.net/

- "Semantic Web and Model-Driven Engineering"
  http://www.allitebooks.org/semantic-web-and-model-driven-engineering/

- "MRD, Machine Readable dictionary"
  https://en.wikipedia.org/wiki/Machine-readable_dictionary


Short Bookmarks:
- "Gremlin's Graph Traversal Machinery"
  https://www.slideshare.net/slidarko/gremlins-graph-traversal-machinery

- "Ontotext GraphDB"
  https://ontotext.com/products/graphdb/

- "Graphs and neural networks: Reading node properties"
  https://medium.com/octavian-ai/graphs-and-neural-networks-reading-node-properties-2c91625980eb

- "Towards building the next generation database query engine"
  https://medium.com/octavian-ai/towards-building-the-next-generation-database-query-engine-a1beca1e07a3

- "extracting-knowledge-from-knowledge-graphs"
  https://towardsdatascience.com/extracting-knowledge-from-knowledge-graphs-e5521e4861a0

- "Platypus"
  https://www.wikidata.org/wiki/Wikidata:SPARQL_query_service/A_gentle_introduction_to_the_Wikidata_Query_Service

- "Grakn.AI - learn"
  https://blog.grakn.ai/learn/home

- "KagNet: Knowledge-Aware Graph Networks for Commonsense Reasoning"
  https://github.com/INK-USC/KagNet

- "Knowledge extraction from unstructured texts"
  https://medium.com/heuritech/knowledge-extraction-from-unstructured-texts-c279e3b8f92f

- "Deep Learning with Knowledge Graphs"
  https://medium.com/octavian-ai/deep-learning-with-knowledge-graphs-3df0b469a61a

- "MacGraph"
  https://github.com/Octavian-ai/mac-graph

- "octavian.ai"
  https://www.octavian.ai/

- "Build your own Knowledge Graph From unstructured dark data to valuable business insights"
  https://medium.com/vectrconsulting/build-your-own-knowledge-graph-975cf6dde67f

- "Extracting knowledge from knowledge graphs using Facebook Pytorch BigGraph."
  https://towardsdatascience.com/extracting-knowledge-from-knowledge-graphs-e5521e4861a0

- "Deep Learning with Knowledge Graphs"
  https://medium.com/octavian-ai/deep-learning-with-knowledge-graphs-3df0b469a61a

- "Knowledge Graphs in Natural Language Processing @ ACL 2020"
  https://towardsdatascience.com/knowledge-graphs-in-natural-language-processing-acl-2020-ebb1f0a6e0b1

- "Blog-Rolling-with-BrightstarDB-Express-and-Node-js"
  https://www.codeproject.com/Articles/419181/Blog-Rolling-with-BrightstarDB-Express-and-Node-js

- "FOAF Vocabulary Specification 0.99"
  http://xmlns.com/foaf/spec/

- "SuperMemo Website"
  https://www.supermemo.com/en/archives1990-2015/articles/devour

- "Gellish.net"
  https://www.gellish.net/

- "Semantic Web and Model-Driven Engineering"
  http://www.allitebooks.org/semantic-web-and-model-driven-engineering/

- "MRD, Machine Readable dictionary"
  https://en.wikipedia.org/wiki/Machine-readable_dictionary

